<?xml version="1.0" encoding="UTF-8"?>
<!-- Generated by org.testng.reporters.JUnitReportReporter -->
<testsuite hostname="DESKTOP-UT7PMD4" failures="0" tests="1" name="runner.runner" time="128.823" errors="0" timestamp="2020-12-01T17:00:07 IST" skipped="0">
  <testcase classname="runner.runner" name="feature" time="128.823"/>
  <system-out/>
</testsuite> <!-- runner.runner -->
